0 verbose cli /usr/local/bin/node /usr/local/bin/npm
1 info using npm@11.6.2
2 info using node@v24.11.1
3 silly config load:file:/usr/local/lib/node_modules/npm/npmrc
4 silly config load:file:/Users/fernandocalado/Library/CloudStorage/Dropbox/ShiftLabs/Flow/.npmrc
5 silly config load:file:/Users/fernandocalado/.npmrc
6 silly config load:file:/Users/fernandocalado/.npm-global/etc/npmrc
7 verbose title npm install
8 verbose argv "install" "--offline" "--cache" "./npm_cache" "--no-audit" "--no-fund"
9 verbose logfile logs-max:10 dir:/Users/fernandocalado/Library/CloudStorage/Dropbox/ShiftLabs/Flow/npm_cache/_logs/2026-02-19T00_48_13_027Z-
10 verbose logfile /Users/fernandocalado/Library/CloudStorage/Dropbox/ShiftLabs/Flow/npm_cache/_logs/2026-02-19T00_48_13_027Z-debug-0.log
11 silly logfile done cleaning log files
12 silly packumentCache heap:4496293888 maxSize:1124073472 maxEntrySize:562036736
13 silly idealTree buildDeps
14 silly fetch manifest @dnd-kit/core@^6.3.1
15 silly packumentCache full:https://registry.npmjs.org/@dnd-kit%2fcore cache-miss
16 silly fetch manifest @dnd-kit/sortable@^10.0.0
17 silly packumentCache full:https://registry.npmjs.org/@dnd-kit%2fsortable cache-miss
18 silly fetch manifest @dnd-kit/utilities@^3.2.2
19 silly packumentCache full:https://registry.npmjs.org/@dnd-kit%2futilities cache-miss
20 silly fetch manifest @hookform/resolvers@^5.2.2
21 silly packumentCache full:https://registry.npmjs.org/@hookform%2fresolvers cache-miss
22 silly fetch manifest @tanstack/react-query@^5.90.20
23 silly packumentCache full:https://registry.npmjs.org/@tanstack%2freact-query cache-miss
24 silly fetch manifest class-variance-authority@^0.7.1
25 silly packumentCache full:https://registry.npmjs.org/class-variance-authority cache-miss
26 silly fetch manifest clsx@^2.1.1
27 silly packumentCache full:https://registry.npmjs.org/clsx cache-miss
28 silly fetch manifest cmdk@^1.1.1
29 silly packumentCache full:https://registry.npmjs.org/cmdk cache-miss
30 silly fetch manifest date-fns@^4.1.0
31 silly packumentCache full:https://registry.npmjs.org/date-fns cache-miss
32 silly fetch manifest framer-motion@^12.33.0
33 silly packumentCache full:https://registry.npmjs.org/framer-motion cache-miss
34 silly fetch manifest lucide-react@^0.563.0
35 silly packumentCache full:https://registry.npmjs.org/lucide-react cache-miss
36 silly fetch manifest next@^16.1.6
37 silly packumentCache full:https://registry.npmjs.org/next cache-miss
38 silly fetch manifest next-themes@^0.4.6
39 silly packumentCache full:https://registry.npmjs.org/next-themes cache-miss
40 silly fetch manifest radix-ui@^1.4.3
41 silly packumentCache full:https://registry.npmjs.org/radix-ui cache-miss
42 silly fetch manifest react@19.2.3
43 silly packumentCache full:https://registry.npmjs.org/react cache-miss
44 silly fetch manifest react-dom@19.2.3
45 silly packumentCache full:https://registry.npmjs.org/react-dom cache-miss
46 silly fetch manifest react-hook-form@^7.71.1
47 silly packumentCache full:https://registry.npmjs.org/react-hook-form cache-miss
48 silly fetch manifest sonner@^2.0.7
49 silly packumentCache full:https://registry.npmjs.org/sonner cache-miss
50 silly fetch manifest tailwind-merge@^3.4.0
51 silly packumentCache full:https://registry.npmjs.org/tailwind-merge cache-miss
52 silly fetch manifest zod@^4.3.6
53 silly packumentCache full:https://registry.npmjs.org/zod cache-miss
54 silly fetch manifest zustand@^5.0.11
55 silly packumentCache full:https://registry.npmjs.org/zustand cache-miss
56 silly fetch manifest @playwright/test@^1.58.2
57 silly packumentCache full:https://registry.npmjs.org/@playwright%2ftest cache-miss
58 silly fetch manifest @tailwindcss/postcss@^4
59 silly packumentCache full:https://registry.npmjs.org/@tailwindcss%2fpostcss cache-miss
60 silly fetch manifest @testing-library/jest-dom@^6.9.1
61 silly packumentCache full:https://registry.npmjs.org/@testing-library%2fjest-dom cache-miss
62 silly fetch manifest @testing-library/react@^16.3.2
63 silly packumentCache full:https://registry.npmjs.org/@testing-library%2freact cache-miss
64 silly fetch manifest @types/node@^20
65 silly packumentCache full:https://registry.npmjs.org/@types%2fnode cache-miss
66 silly fetch manifest @types/react@^19
67 silly packumentCache full:https://registry.npmjs.org/@types%2freact cache-miss
68 silly fetch manifest @types/react-dom@^19
69 silly packumentCache full:https://registry.npmjs.org/@types%2freact-dom cache-miss
70 silly fetch manifest @vitejs/plugin-react@^5.1.3
71 silly packumentCache full:https://registry.npmjs.org/@vitejs%2fplugin-react cache-miss
72 silly fetch manifest eslint@^9
73 silly packumentCache full:https://registry.npmjs.org/eslint cache-miss
74 silly fetch manifest eslint-config-next@16.1.6
75 silly packumentCache full:https://registry.npmjs.org/eslint-config-next cache-miss
76 silly fetch manifest jsdom@^28.0.0
77 silly packumentCache full:https://registry.npmjs.org/jsdom cache-miss
78 silly fetch manifest prettier@^3.8.1
79 silly packumentCache full:https://registry.npmjs.org/prettier cache-miss
80 silly fetch manifest shadcn@^3.8.4
81 silly packumentCache full:https://registry.npmjs.org/shadcn cache-miss
82 silly fetch manifest tailwindcss@^4
83 silly packumentCache full:https://registry.npmjs.org/tailwindcss cache-miss
84 silly fetch manifest tw-animate-css@^1.4.0
85 silly packumentCache full:https://registry.npmjs.org/tw-animate-css cache-miss
86 silly fetch manifest typescript@5.9.3
87 silly packumentCache full:https://registry.npmjs.org/typescript cache-miss
88 silly fetch manifest vitest@^4.0.18
89 silly packumentCache full:https://registry.npmjs.org/vitest cache-miss
90 silly placeDep ROOT @dnd-kit/core@ OK for: app@0.1.0 want: ^6.3.1
91 silly placeDep ROOT @dnd-kit/sortable@ OK for: app@0.1.0 want: ^10.0.0
92 silly placeDep ROOT @dnd-kit/utilities@ OK for: app@0.1.0 want: ^3.2.2
93 silly placeDep ROOT @hookform/resolvers@ OK for: app@0.1.0 want: ^5.2.2
94 silly placeDep ROOT @playwright/test@ OK for: app@0.1.0 want: ^1.58.2
95 silly placeDep ROOT @tailwindcss/postcss@ OK for: app@0.1.0 want: ^4
96 silly placeDep ROOT @tanstack/react-query@ OK for: app@0.1.0 want: ^5.90.20
97 silly placeDep ROOT @testing-library/jest-dom@ OK for: app@0.1.0 want: ^6.9.1
98 silly placeDep ROOT @testing-library/react@ OK for: app@0.1.0 want: ^16.3.2
99 silly placeDep ROOT @types/node@ OK for: app@0.1.0 want: ^20
100 silly placeDep ROOT @types/react@ OK for: app@0.1.0 want: ^19
101 silly placeDep ROOT @types/react-dom@ OK for: app@0.1.0 want: ^19
102 silly placeDep ROOT @vitejs/plugin-react@ OK for: app@0.1.0 want: ^5.1.3
103 silly placeDep ROOT class-variance-authority@ OK for: app@0.1.0 want: ^0.7.1
104 silly placeDep ROOT clsx@ OK for: app@0.1.0 want: ^2.1.1
105 silly placeDep ROOT cmdk@ OK for: app@0.1.0 want: ^1.1.1
106 silly placeDep ROOT date-fns@ OK for: app@0.1.0 want: ^4.1.0
107 silly placeDep ROOT eslint@ OK for: app@0.1.0 want: ^9
108 silly placeDep ROOT eslint-config-next@ OK for: app@0.1.0 want: 16.1.6
109 silly placeDep ROOT framer-motion@ OK for: app@0.1.0 want: ^12.33.0
110 silly placeDep ROOT jsdom@ OK for: app@0.1.0 want: ^28.0.0
111 silly placeDep ROOT lucide-react@ OK for: app@0.1.0 want: ^0.563.0
112 silly placeDep ROOT next@ OK for: app@0.1.0 want: ^16.1.6
113 silly placeDep ROOT next-themes@ OK for: app@0.1.0 want: ^0.4.6
114 silly placeDep ROOT prettier@ OK for: app@0.1.0 want: ^3.8.1
115 silly placeDep ROOT radix-ui@ OK for: app@0.1.0 want: ^1.4.3
116 silly placeDep ROOT react@ OK for: app@0.1.0 want: 19.2.3
117 silly placeDep ROOT react-dom@ OK for: app@0.1.0 want: 19.2.3
118 silly placeDep ROOT react-hook-form@ OK for: app@0.1.0 want: ^7.71.1
119 silly placeDep ROOT shadcn@ OK for: app@0.1.0 want: ^3.8.4
120 silly placeDep ROOT sonner@ OK for: app@0.1.0 want: ^2.0.7
121 silly placeDep ROOT tailwind-merge@ OK for: app@0.1.0 want: ^3.4.0
122 silly placeDep ROOT tailwindcss@ OK for: app@0.1.0 want: ^4
123 silly placeDep ROOT tw-animate-css@ OK for: app@0.1.0 want: ^1.4.0
124 silly placeDep ROOT typescript@ OK for: app@0.1.0 want: 5.9.3
125 silly placeDep ROOT vitest@ OK for: app@0.1.0 want: ^4.0.18
126 silly placeDep ROOT zod@ OK for: app@0.1.0 want: ^4.3.6
127 silly placeDep ROOT zustand@ OK for: app@0.1.0 want: ^5.0.11
128 verbose stack Error: request to https://registry.npmjs.org/@dnd-kit%2fcore failed: cache mode is 'only-if-cached' but no cached response is available.
128 verbose stack     at cacheFetch (/usr/local/lib/node_modules/npm/node_modules/make-fetch-happen/lib/cache/index.js:12:13)
128 verbose stack     at async fetch (/usr/local/lib/node_modules/npm/node_modules/make-fetch-happen/lib/fetch.js:98:7)
128 verbose stack     at async RegistryFetcher.packument (/usr/local/lib/node_modules/npm/node_modules/pacote/lib/registry.js:90:19)
128 verbose stack     at async RegistryFetcher.manifest (/usr/local/lib/node_modules/npm/node_modules/pacote/lib/registry.js:128:23)
128 verbose stack     at async #fetchManifest (/usr/local/lib/node_modules/npm/node_modules/@npmcli/arborist/lib/arborist/build-ideal-tree.js:1227:20)
128 verbose stack     at async #nodeFromEdge (/usr/local/lib/node_modules/npm/node_modules/@npmcli/arborist/lib/arborist/build-ideal-tree.js:1065:19)
128 verbose stack     at async #buildDepStep (/usr/local/lib/node_modules/npm/node_modules/@npmcli/arborist/lib/arborist/build-ideal-tree.js:929:11)
128 verbose stack     at async Arborist.buildIdealTree (/usr/local/lib/node_modules/npm/node_modules/@npmcli/arborist/lib/arborist/build-ideal-tree.js:182:7)
128 verbose stack     at async Promise.all (index 1)
128 verbose stack     at async Arborist.reify (/usr/local/lib/node_modules/npm/node_modules/@npmcli/arborist/lib/arborist/reify.js:114:5)
129 error code ENOTCACHED
130 error request to https://registry.npmjs.org/@dnd-kit%2fcore failed: cache mode is 'only-if-cached' but no cached response is available.
131 silly unfinished npm timer reify 1771462093323
132 silly unfinished npm timer reify:loadTrees 1771462093323
133 verbose cwd /Users/fernandocalado/Library/CloudStorage/Dropbox/ShiftLabs/Flow
134 verbose os Darwin 25.3.0
135 verbose node v24.11.1
136 verbose npm  v11.6.2
137 verbose exit 1
138 verbose code 1
139 error A complete log of this run can be found in: /Users/fernandocalado/Library/CloudStorage/Dropbox/ShiftLabs/Flow/npm_cache/_logs/2026-02-19T00_48_13_027Z-debug-0.log
